2023-10-17 15:34:12,698 - MainProcess - dataset_5-Processing_./datasets_phase2/dataset_5/alarm.csv in process 28748
2023-10-17 15:34:12,698 - MainProcess - initial parameter of PTHP{'delta': 0.01, 'max_hop': 2, 'penalty': 'AIC', 'max_iter': 100, 'epsilon': 1}
2023-10-17 15:34:12,698 - MainProcess - SAVE_DIRECTORY is in ./DAGMA_PTHP
2023-10-17 15:34:12,698 - MainProcess - prior_file_path:./datasets_phase2/dataset_5/causal_prior.npy
2023-10-17 15:34:12,698 - MainProcess - rca_file_path:./datasets_phase2/dataset_5/rca_prior.csv
2023-10-17 15:34:12,698 - MainProcess - topology_file_path:./datasets_phase2/dataset_5/topology.npy
2023-10-17 15:34:12,728 - MainProcess - limited_prior_file_path:./DAGMA/DAGMA_phase2/thres_0.05/dataset_5_graph_matrix.npy
2023-10-17 15:34:12,728 - MainProcess - now:2023_10_17_15_34
2023-10-17 15:36:43,781 - MainProcess - [iter 0]: likelihood_score = -2683195.040959137
2023-10-17 15:52:00,140 - MainProcess - [iter 1]: likelihood_score = -2669566.242980556
2023-10-17 16:07:14,330 - MainProcess - [iter 2]: likelihood_score = -2656076.981628249
2023-10-17 16:07:14,330 - MainProcess - tmp_edge_mat:[[0 0 0 ... 0 0 0]
 [0 0 0 ... 0 0 0]
 [0 0 0 ... 0 0 0]
 ...
 [0 0 0 ... 0 0 0]
 [0 0 0 ... 0 0 0]
 [0 0 0 ... 0 0 0]]
2023-10-17 16:07:14,367 - MainProcess - iter[2]:saved-----------in---------------./DAGMA_PTHP------------------
2023-10-17 16:23:15,504 - MainProcess - [iter 3]: likelihood_score = -2644543.8285984905
2023-10-17 16:39:19,659 - MainProcess - [iter 4]: likelihood_score = -2633674.501894386
2023-10-17 16:39:19,664 - MainProcess - tmp_edge_mat:[[0 0 0 ... 0 0 0]
 [0 0 0 ... 0 0 0]
 [0 0 0 ... 0 0 0]
 ...
 [0 0 0 ... 0 0 0]
 [0 0 0 ... 0 0 0]
 [0 0 0 ... 0 0 0]]
2023-10-17 16:39:19,670 - MainProcess - iter[4]:saved-----------in---------------./DAGMA_PTHP------------------
2023-10-17 16:56:10,753 - MainProcess - [iter 5]: likelihood_score = -2625397.366272027
2023-10-17 17:13:16,377 - MainProcess - [iter 6]: likelihood_score = -2617730.4484581067
2023-10-17 17:13:16,377 - MainProcess - tmp_edge_mat:[[0 0 0 ... 0 0 0]
 [0 0 0 ... 0 0 0]
 [0 0 0 ... 0 0 0]
 ...
 [0 0 0 ... 0 0 0]
 [0 0 0 ... 0 0 0]
 [0 0 0 ... 0 0 0]]
2023-10-17 17:13:16,387 - MainProcess - iter[6]:saved-----------in---------------./DAGMA_PTHP------------------
2023-10-17 17:30:38,019 - MainProcess - [iter 7]: likelihood_score = -2611079.9682333344
2023-10-17 17:48:37,603 - MainProcess - [iter 8]: likelihood_score = -2605102.201158115
2023-10-17 17:48:37,603 - MainProcess - tmp_edge_mat:[[0 0 0 ... 0 0 0]
 [0 0 0 ... 0 0 0]
 [0 0 0 ... 0 0 0]
 ...
 [0 0 0 ... 0 0 0]
 [0 0 0 ... 0 0 0]
 [0 0 0 ... 0 0 0]]
2023-10-17 17:48:37,633 - MainProcess - iter[8]:saved-----------in---------------./DAGMA_PTHP------------------
2023-10-17 18:07:25,063 - MainProcess - [iter 9]: likelihood_score = -2599254.4560429645
2023-10-17 18:26:54,237 - MainProcess - [iter 10]: likelihood_score = -2593555.41361204
2023-10-17 18:26:54,237 - MainProcess - tmp_edge_mat:[[0 0 0 ... 0 0 0]
 [0 0 0 ... 0 0 0]
 [0 0 0 ... 0 0 0]
 ...
 [0 0 0 ... 0 0 0]
 [0 0 0 ... 0 0 0]
 [0 0 0 ... 0 0 0]]
2023-10-17 18:26:54,237 - MainProcess - iter[10]:saved-----------in---------------./DAGMA_PTHP------------------
2023-10-17 18:46:51,721 - MainProcess - [iter 11]: likelihood_score = -2588033.0177657693
2023-10-17 19:20:24,924 - MainProcess - [iter 12]: likelihood_score = -2583048.1128955153
2023-10-17 19:20:24,927 - MainProcess - tmp_edge_mat:[[0 0 0 ... 0 0 0]
 [0 0 0 ... 0 0 0]
 [0 0 0 ... 0 0 0]
 ...
 [0 0 0 ... 0 0 0]
 [0 0 0 ... 0 0 0]
 [0 0 0 ... 0 0 0]]
2023-10-17 19:20:24,956 - MainProcess - iter[12]:saved-----------in---------------./DAGMA_PTHP------------------
2023-10-17 19:43:20,335 - MainProcess - [iter 13]: likelihood_score = -2578581.5704095555
2023-10-17 20:03:40,455 - MainProcess - [iter 14]: likelihood_score = -2572556.7581227147
2023-10-17 20:03:40,459 - MainProcess - tmp_edge_mat:[[0 0 0 ... 0 0 0]
 [0 0 0 ... 0 0 0]
 [0 0 0 ... 0 0 0]
 ...
 [0 0 0 ... 0 0 0]
 [0 0 0 ... 0 0 0]
 [0 0 0 ... 0 0 0]]
2023-10-17 20:03:40,491 - MainProcess - iter[14]:saved-----------in---------------./DAGMA_PTHP------------------
