2023-09-24 21:11:38,978 - MainProcess - dataset_2-Processing_./datasets/dataset_2/alarm.csv in process 10752
2023-09-24 21:11:38,978 - MainProcess - initial parameter of PTHP{'delta': 0.01, 'max_hop': 2, 'penalty': 'AIC', 'max_iter': 100, 'epsilon': 1}
2023-09-24 21:11:38,978 - MainProcess - SAVE_DIRECTORY is in ./causal_effect_PTHP_924
2023-09-24 21:11:38,978 - MainProcess - prior_file_path:./datasets/dataset_2/causal_prior.npy
2023-09-24 21:11:38,978 - MainProcess - rca_file_path:./datasets/dataset_2/rca_prior.csv
2023-09-24 21:11:38,978 - MainProcess - topology_file_path:./datasets/dataset_2/topology.npy
2023-09-24 21:11:38,978 - MainProcess - limited_prior_file_path:./SUBMISSIONS/causal_effect/threshold_0.15/bin_d2.npy
2023-09-24 21:11:38,978 - MainProcess - now:2023_09_24_21_11
2023-09-24 21:13:39,726 - MainProcess - [iter 0]: likelihood_score = -1219195.2776293822
2023-09-24 21:35:34,106 - MainProcess - [iter 1]: likelihood_score = -1215626.025782168
2023-09-24 21:59:11,702 - MainProcess - [iter 2]: likelihood_score = -1212588.6883186793
2023-09-24 21:59:11,707 - MainProcess - tmp_edge_mat:[[0 0 0 ... 0 0 0]
 [0 0 0 ... 0 0 0]
 [0 0 0 ... 0 0 0]
 ...
 [0 0 0 ... 0 0 0]
 [0 0 0 ... 0 0 0]
 [0 0 0 ... 0 0 0]]
2023-09-24 21:59:11,713 - MainProcess - iter[2]:saved-----------in---------------./causal_effect_PTHP_924------------------
2023-09-24 22:21:53,693 - MainProcess - [iter 3]: likelihood_score = -1209631.6257755626
2023-09-24 22:45:02,291 - MainProcess - [iter 4]: likelihood_score = -1206697.3809069195
2023-09-24 22:45:02,301 - MainProcess - tmp_edge_mat:[[0 0 0 ... 0 0 0]
 [0 0 0 ... 0 0 0]
 [0 0 0 ... 0 0 0]
 ...
 [0 0 0 ... 0 0 0]
 [0 0 0 ... 0 0 0]
 [0 0 0 ... 0 0 0]]
2023-09-24 22:45:02,301 - MainProcess - iter[4]:saved-----------in---------------./causal_effect_PTHP_924------------------
2023-09-24 23:08:45,758 - MainProcess - [iter 5]: likelihood_score = -1203926.2683102917
2023-09-24 23:32:15,025 - MainProcess - [iter 6]: likelihood_score = -1201307.3857664359
2023-09-24 23:32:15,031 - MainProcess - tmp_edge_mat:[[0 0 0 ... 0 0 0]
 [0 0 0 ... 0 0 0]
 [0 0 0 ... 0 0 0]
 ...
 [0 0 0 ... 0 0 0]
 [0 0 0 ... 0 0 0]
 [0 0 0 ... 0 0 0]]
2023-09-24 23:32:15,066 - MainProcess - iter[6]:saved-----------in---------------./causal_effect_PTHP_924------------------
