2023-10-17 20:14:29,122 - MainProcess - dataset_5-Processing_./datasets_phase2/dataset_5/alarm.csv in process 22668
2023-10-17 20:14:29,123 - MainProcess - initial parameter of PTHP{'delta': 0.01, 'max_hop': 2, 'penalty': 'AIC', 'max_iter': 100, 'epsilon': 1}
2023-10-17 20:14:29,123 - MainProcess - SAVE_DIRECTORY is in ./DAGMA_PTHP
2023-10-17 20:14:29,123 - MainProcess - prior_file_path:./datasets_phase2/dataset_5/causal_prior.npy
2023-10-17 20:14:29,123 - MainProcess - rca_file_path:./datasets_phase2/dataset_5/rca_prior.csv
2023-10-17 20:14:29,123 - MainProcess - topology_file_path:./datasets_phase2/dataset_5/topology.npy
2023-10-17 20:14:29,151 - MainProcess - limited_prior_file_path:./DAGMA/DAGMA_phase2/thres_0.05/dataset_5_graph_matrix.npy
2023-10-17 20:14:29,151 - MainProcess - now:2023_10_17_20_14
2023-10-17 20:16:50,668 - MainProcess - [iter 0]: likelihood_score = -2683195.040959137
2023-10-17 20:31:10,091 - MainProcess - [iter 1]: likelihood_score = -2669566.242980556
2023-10-17 20:45:54,486 - MainProcess - [iter 2]: likelihood_score = -2656076.981628249
2023-10-17 20:45:54,489 - MainProcess - tmp_edge_mat:[[0 0 0 ... 0 0 0]
 [0 0 0 ... 0 0 0]
 [0 0 0 ... 0 0 0]
 ...
 [0 0 0 ... 0 0 0]
 [0 0 0 ... 0 0 0]
 [0 0 0 ... 0 0 0]]
2023-10-17 20:45:54,491 - MainProcess - iter[2]:saved-----------in---------------./DAGMA_PTHP------------------
2023-10-17 21:01:17,047 - MainProcess - [iter 3]: likelihood_score = -2644543.8285984905
2023-10-17 21:17:05,566 - MainProcess - [iter 4]: likelihood_score = -2633674.501894386
2023-10-17 21:17:05,568 - MainProcess - tmp_edge_mat:[[0 0 0 ... 0 0 0]
 [0 0 0 ... 0 0 0]
 [0 0 0 ... 0 0 0]
 ...
 [0 0 0 ... 0 0 0]
 [0 0 0 ... 0 0 0]
 [0 0 0 ... 0 0 0]]
2023-10-17 21:17:05,568 - MainProcess - iter[4]:saved-----------in---------------./DAGMA_PTHP------------------
2023-10-17 21:33:45,251 - MainProcess - [iter 5]: likelihood_score = -2625397.366272027
2023-10-17 21:50:41,892 - MainProcess - [iter 6]: likelihood_score = -2617730.4484581067
2023-10-17 21:50:41,894 - MainProcess - tmp_edge_mat:[[0 0 0 ... 0 0 0]
 [0 0 0 ... 0 0 0]
 [0 0 0 ... 0 0 0]
 ...
 [0 0 0 ... 0 0 0]
 [0 0 0 ... 0 0 0]
 [0 0 0 ... 0 0 0]]
2023-10-17 21:50:41,895 - MainProcess - iter[6]:saved-----------in---------------./DAGMA_PTHP------------------
2023-10-17 22:07:49,629 - MainProcess - [iter 7]: likelihood_score = -2611079.9682333344
2023-10-17 22:25:15,340 - MainProcess - [iter 8]: likelihood_score = -2605102.201158115
2023-10-17 22:25:15,342 - MainProcess - tmp_edge_mat:[[0 0 0 ... 0 0 0]
 [0 0 0 ... 0 0 0]
 [0 0 0 ... 0 0 0]
 ...
 [0 0 0 ... 0 0 0]
 [0 0 0 ... 0 0 0]
 [0 0 0 ... 0 0 0]]
2023-10-17 22:25:15,344 - MainProcess - iter[8]:saved-----------in---------------./DAGMA_PTHP------------------
2023-10-17 22:43:20,958 - MainProcess - [iter 9]: likelihood_score = -2599254.4560429645
2023-10-17 23:02:21,738 - MainProcess - [iter 10]: likelihood_score = -2593555.41361204
2023-10-17 23:02:21,741 - MainProcess - tmp_edge_mat:[[0 0 0 ... 0 0 0]
 [0 0 0 ... 0 0 0]
 [0 0 0 ... 0 0 0]
 ...
 [0 0 0 ... 0 0 0]
 [0 0 0 ... 0 0 0]
 [0 0 0 ... 0 0 0]]
2023-10-17 23:02:21,742 - MainProcess - iter[10]:saved-----------in---------------./DAGMA_PTHP------------------
2023-10-17 23:21:11,724 - MainProcess - [iter 11]: likelihood_score = -2588033.0177657693
2023-10-17 23:40:52,172 - MainProcess - [iter 12]: likelihood_score = -2583048.1128955153
2023-10-17 23:40:52,172 - MainProcess - tmp_edge_mat:[[0 0 0 ... 0 0 0]
 [0 0 0 ... 0 0 0]
 [0 0 0 ... 0 0 0]
 ...
 [0 0 0 ... 0 0 0]
 [0 0 0 ... 0 0 0]
 [0 0 0 ... 0 0 0]]
2023-10-17 23:40:52,183 - MainProcess - iter[12]:saved-----------in---------------./DAGMA_PTHP------------------
2023-10-18 00:00:04,365 - MainProcess - [iter 13]: likelihood_score = -2578581.5704095555
2023-10-18 00:19:53,658 - MainProcess - [iter 14]: likelihood_score = -2572556.7581227147
2023-10-18 00:19:53,658 - MainProcess - tmp_edge_mat:[[0 0 0 ... 0 0 0]
 [0 0 0 ... 0 0 0]
 [0 0 0 ... 0 0 0]
 ...
 [0 0 0 ... 0 0 0]
 [0 0 0 ... 0 0 0]
 [0 0 0 ... 0 0 0]]
2023-10-18 00:19:53,669 - MainProcess - iter[14]:saved-----------in---------------./DAGMA_PTHP------------------
2023-10-18 00:39:38,277 - MainProcess - [iter 15]: likelihood_score = -2568138.010089879
2023-10-18 00:59:28,454 - MainProcess - [iter 16]: likelihood_score = -2563894.991346727
2023-10-18 00:59:28,464 - MainProcess - tmp_edge_mat:[[0 0 0 ... 0 0 0]
 [0 0 0 ... 0 0 0]
 [0 0 0 ... 0 0 0]
 ...
 [0 0 0 ... 0 0 0]
 [0 0 0 ... 0 0 0]
 [0 0 0 ... 0 0 0]]
2023-10-18 00:59:28,464 - MainProcess - iter[16]:saved-----------in---------------./DAGMA_PTHP------------------
2023-10-18 01:19:37,817 - MainProcess - [iter 17]: likelihood_score = -2559145.6778399316
2023-10-18 01:40:06,335 - MainProcess - [iter 18]: likelihood_score = -2554908.002359415
2023-10-18 01:40:06,335 - MainProcess - tmp_edge_mat:[[0 0 0 ... 0 0 0]
 [0 0 0 ... 0 0 0]
 [0 0 0 ... 0 0 0]
 ...
 [0 0 0 ... 0 0 0]
 [0 0 0 ... 0 0 0]
 [0 0 0 ... 0 0 0]]
2023-10-18 01:40:06,368 - MainProcess - iter[18]:saved-----------in---------------./DAGMA_PTHP------------------
2023-10-18 02:01:00,993 - MainProcess - [iter 19]: likelihood_score = -2550843.0607236847
2023-10-18 02:21:59,487 - MainProcess - [iter 20]: likelihood_score = -2546885.2174745337
2023-10-18 02:21:59,498 - MainProcess - tmp_edge_mat:[[0 0 0 ... 0 0 0]
 [0 0 0 ... 0 0 0]
 [0 0 0 ... 0 0 0]
 ...
 [0 0 0 ... 0 0 0]
 [0 0 0 ... 0 0 0]
 [0 0 0 ... 0 0 0]]
2023-10-18 02:21:59,526 - MainProcess - iter[20]:saved-----------in---------------./DAGMA_PTHP------------------
2023-10-18 02:43:19,446 - MainProcess - [iter 21]: likelihood_score = -2542960.0091890963
2023-10-18 03:04:39,400 - MainProcess - [iter 22]: likelihood_score = -2539071.2202058914
2023-10-18 03:04:39,400 - MainProcess - tmp_edge_mat:[[0 0 0 ... 0 0 0]
 [0 0 0 ... 0 0 0]
 [0 0 0 ... 0 0 0]
 ...
 [0 0 0 ... 0 0 0]
 [0 0 0 ... 0 0 0]
 [0 0 0 ... 0 0 0]]
2023-10-18 03:04:39,430 - MainProcess - iter[22]:saved-----------in---------------./DAGMA_PTHP------------------
2023-10-18 03:26:15,354 - MainProcess - [iter 23]: likelihood_score = -2535182.7572979187
2023-10-18 03:48:05,356 - MainProcess - [iter 24]: likelihood_score = -2531663.219683585
2023-10-18 03:48:05,366 - MainProcess - tmp_edge_mat:[[0 0 0 ... 0 0 0]
 [0 0 0 ... 0 0 0]
 [0 0 0 ... 0 0 0]
 ...
 [0 0 0 ... 0 0 0]
 [0 0 0 ... 0 0 0]
 [0 0 0 ... 0 0 0]]
2023-10-18 03:48:05,366 - MainProcess - iter[24]:saved-----------in---------------./DAGMA_PTHP------------------
2023-10-18 04:10:02,348 - MainProcess - [iter 25]: likelihood_score = -2528149.7273325534
2023-10-18 04:32:03,188 - MainProcess - [iter 26]: likelihood_score = -2524677.5783039606
2023-10-18 04:32:03,198 - MainProcess - tmp_edge_mat:[[0 0 0 ... 0 0 0]
 [0 0 0 ... 0 0 0]
 [0 0 0 ... 0 0 0]
 ...
 [0 0 0 ... 0 0 0]
 [0 0 0 ... 0 0 0]
 [0 0 0 ... 0 0 0]]
2023-10-18 04:32:03,198 - MainProcess - iter[26]:saved-----------in---------------./DAGMA_PTHP------------------
2023-10-18 04:54:04,868 - MainProcess - [iter 27]: likelihood_score = -2521326.555995325
2023-10-18 05:16:18,022 - MainProcess - [iter 28]: likelihood_score = -2517466.073696671
2023-10-18 05:16:18,022 - MainProcess - tmp_edge_mat:[[0 0 0 ... 0 0 0]
 [0 0 0 ... 0 0 0]
 [0 0 0 ... 0 0 0]
 ...
 [0 0 0 ... 0 0 0]
 [0 0 0 ... 0 0 0]
 [0 0 0 ... 0 0 0]]
2023-10-18 05:16:18,053 - MainProcess - iter[28]:saved-----------in---------------./DAGMA_PTHP------------------
2023-10-18 05:38:36,614 - MainProcess - [iter 29]: likelihood_score = -2514164.2467451
2023-10-18 06:01:21,015 - MainProcess - [iter 30]: likelihood_score = -2510907.610261058
2023-10-18 06:01:21,056 - MainProcess - tmp_edge_mat:[[0 0 0 ... 0 0 0]
 [0 0 0 ... 0 0 0]
 [0 0 0 ... 0 0 0]
 ...
 [0 0 0 ... 0 0 0]
 [0 0 0 ... 0 0 0]
 [0 0 0 ... 0 0 0]]
2023-10-18 06:01:21,056 - MainProcess - iter[30]:saved-----------in---------------./DAGMA_PTHP------------------
2023-10-18 06:24:00,754 - MainProcess - [iter 31]: likelihood_score = -2507114.882623055
2023-10-18 06:46:47,991 - MainProcess - [iter 32]: likelihood_score = -2504043.8478590255
2023-10-18 06:46:47,991 - MainProcess - tmp_edge_mat:[[0 0 0 ... 0 0 0]
 [0 0 0 ... 0 0 0]
 [0 0 0 ... 0 0 0]
 ...
 [0 0 0 ... 0 0 0]
 [0 0 0 ... 0 0 0]
 [0 0 0 ... 0 0 0]]
2023-10-18 06:46:47,991 - MainProcess - iter[32]:saved-----------in---------------./DAGMA_PTHP------------------
2023-10-18 07:09:41,671 - MainProcess - [iter 33]: likelihood_score = -2501099.1699997312
2023-10-18 07:32:22,630 - MainProcess - [iter 34]: likelihood_score = -2498149.9246301674
2023-10-18 07:32:22,630 - MainProcess - tmp_edge_mat:[[0 0 0 ... 0 0 0]
 [0 0 0 ... 0 0 0]
 [0 0 0 ... 0 0 0]
 ...
 [0 0 0 ... 0 0 0]
 [0 0 0 ... 0 0 0]
 [0 0 0 ... 0 0 0]]
2023-10-18 07:32:22,661 - MainProcess - iter[34]:saved-----------in---------------./DAGMA_PTHP------------------
2023-10-18 07:55:15,231 - MainProcess - [iter 35]: likelihood_score = -2495586.7002797723
2023-10-18 08:18:40,646 - MainProcess - [iter 36]: likelihood_score = -2493043.576198282
2023-10-18 08:18:40,676 - MainProcess - tmp_edge_mat:[[0 0 0 ... 0 0 0]
 [0 0 0 ... 0 0 0]
 [0 0 0 ... 0 0 0]
 ...
 [0 0 0 ... 0 0 0]
 [0 0 0 ... 0 0 0]
 [0 0 0 ... 0 0 0]]
2023-10-18 08:18:40,676 - MainProcess - iter[36]:saved-----------in---------------./DAGMA_PTHP------------------
2023-10-18 08:41:57,500 - MainProcess - [iter 37]: likelihood_score = -2490534.3665416585
2023-10-18 09:05:16,707 - MainProcess - [iter 38]: likelihood_score = -2488064.8260853053
2023-10-18 09:05:16,738 - MainProcess - tmp_edge_mat:[[0 0 0 ... 0 0 0]
 [0 0 0 ... 0 0 0]
 [0 0 0 ... 0 0 0]
 ...
 [0 0 0 ... 0 0 0]
 [0 0 0 ... 0 0 0]
 [0 0 0 ... 0 0 0]]
2023-10-18 09:05:16,738 - MainProcess - iter[38]:saved-----------in---------------./DAGMA_PTHP------------------
2023-10-18 09:28:43,959 - MainProcess - [iter 39]: likelihood_score = -2485811.552906689
2023-10-18 09:52:27,382 - MainProcess - [iter 40]: likelihood_score = -2483693.4706821777
2023-10-18 09:52:27,382 - MainProcess - tmp_edge_mat:[[0 0 0 ... 0 0 0]
 [0 0 0 ... 0 0 0]
 [0 0 0 ... 0 0 0]
 ...
 [0 0 0 ... 0 0 0]
 [0 0 0 ... 0 0 0]
 [0 0 0 ... 0 0 0]]
2023-10-18 09:52:27,382 - MainProcess - iter[40]:saved-----------in---------------./DAGMA_PTHP------------------
2023-10-18 10:16:14,926 - MainProcess - [iter 41]: likelihood_score = -2481590.257342456
2023-10-18 10:40:15,095 - MainProcess - [iter 42]: likelihood_score = -2479594.8721416052
2023-10-18 10:40:15,132 - MainProcess - tmp_edge_mat:[[0 0 0 ... 0 0 0]
 [0 0 0 ... 0 0 0]
 [0 0 0 ... 0 0 0]
 ...
 [0 0 0 ... 0 0 0]
 [0 0 0 ... 0 0 0]
 [0 0 0 ... 0 0 0]]
2023-10-18 10:40:15,132 - MainProcess - iter[42]:saved-----------in---------------./DAGMA_PTHP------------------
2023-10-18 11:04:26,894 - MainProcess - [iter 43]: likelihood_score = -2477872.1862327107
2023-10-18 11:29:44,083 - MainProcess - [iter 44]: likelihood_score = -2476165.882947966
2023-10-18 11:29:44,086 - MainProcess - tmp_edge_mat:[[0 0 0 ... 0 0 0]
 [0 0 0 ... 0 0 0]
 [0 0 0 ... 0 0 0]
 ...
 [0 0 0 ... 0 0 0]
 [0 0 0 ... 0 0 0]
 [0 0 0 ... 0 0 0]]
2023-10-18 11:29:44,113 - MainProcess - iter[44]:saved-----------in---------------./DAGMA_PTHP------------------
2023-10-18 11:55:43,024 - MainProcess - [iter 45]: likelihood_score = -2474521.5194002604
2023-10-18 12:22:17,103 - MainProcess - [iter 46]: likelihood_score = -2472967.138320565
2023-10-18 12:22:17,106 - MainProcess - tmp_edge_mat:[[0 0 0 ... 0 0 0]
 [0 0 0 ... 0 0 0]
 [0 0 0 ... 0 0 0]
 ...
 [0 0 0 ... 0 0 0]
 [0 0 0 ... 0 0 0]
 [0 0 0 ... 0 0 0]]
2023-10-18 12:22:17,135 - MainProcess - iter[46]:saved-----------in---------------./DAGMA_PTHP------------------
2023-10-18 12:48:06,357 - MainProcess - [iter 47]: likelihood_score = -2471469.5593685624
2023-10-18 13:13:47,632 - MainProcess - [iter 48]: likelihood_score = -2470026.400578955
2023-10-18 13:13:47,635 - MainProcess - tmp_edge_mat:[[0 0 0 ... 0 0 0]
 [0 0 0 ... 0 0 0]
 [0 0 0 ... 0 0 0]
 ...
 [0 0 0 ... 0 0 0]
 [0 0 0 ... 0 0 0]
 [0 0 0 ... 0 0 0]]
2023-10-18 13:13:47,663 - MainProcess - iter[48]:saved-----------in---------------./DAGMA_PTHP------------------
2023-10-18 13:39:45,391 - MainProcess - [iter 49]: likelihood_score = -2468613.987931576
2023-10-18 14:06:04,358 - MainProcess - [iter 50]: likelihood_score = -2467280.529923319
2023-10-18 14:06:04,360 - MainProcess - tmp_edge_mat:[[0 0 0 ... 0 0 0]
 [0 0 0 ... 0 0 0]
 [0 0 0 ... 0 0 0]
 ...
 [0 0 0 ... 0 0 0]
 [0 0 0 ... 0 0 0]
 [0 0 0 ... 0 0 0]]
2023-10-18 14:06:04,383 - MainProcess - iter[50]:saved-----------in---------------./DAGMA_PTHP------------------
2023-10-18 14:32:01,470 - MainProcess - [iter 51]: likelihood_score = -2466110.1989423656
2023-10-18 14:57:55,723 - MainProcess - [iter 52]: likelihood_score = -2465059.4315729667
2023-10-18 14:57:55,726 - MainProcess - tmp_edge_mat:[[0 0 0 ... 0 0 0]
 [0 0 0 ... 0 0 0]
 [0 0 0 ... 0 0 0]
 ...
 [0 0 0 ... 0 0 0]
 [0 0 0 ... 0 0 0]
 [0 0 0 ... 0 0 0]]
2023-10-18 14:57:55,755 - MainProcess - iter[52]:saved-----------in---------------./DAGMA_PTHP------------------
2023-10-18 15:23:56,972 - MainProcess - [iter 53]: likelihood_score = -2464191.123565925
2023-10-18 15:50:04,133 - MainProcess - [iter 54]: likelihood_score = -2463432.7807452558
2023-10-18 15:50:04,135 - MainProcess - tmp_edge_mat:[[0 0 0 ... 0 0 0]
 [0 0 0 ... 0 0 0]
 [0 0 0 ... 0 0 0]
 ...
 [0 0 0 ... 0 0 0]
 [0 0 0 ... 0 0 0]
 [0 0 0 ... 0 0 0]]
2023-10-18 15:50:04,164 - MainProcess - iter[54]:saved-----------in---------------./DAGMA_PTHP------------------
2023-10-18 16:17:04,817 - MainProcess - [iter 55]: likelihood_score = -2462832.686856378
2023-10-18 16:43:35,277 - MainProcess - [iter 56]: likelihood_score = -2462377.1320042983
2023-10-18 16:43:35,280 - MainProcess - tmp_edge_mat:[[0 0 0 ... 0 0 0]
 [0 0 0 ... 0 0 0]
 [0 0 0 ... 0 0 0]
 ...
 [0 0 0 ... 0 0 0]
 [0 0 0 ... 0 0 0]
 [0 0 0 ... 0 0 0]]
2023-10-18 16:43:35,282 - MainProcess - iter[56]:saved-----------in---------------./DAGMA_PTHP------------------
2023-10-18 17:10:14,280 - MainProcess - [iter 57]: likelihood_score = -2462057.6495717023
2023-10-18 17:39:15,008 - MainProcess - [iter 58]: likelihood_score = -2461772.8141223467
2023-10-18 17:39:15,012 - MainProcess - tmp_edge_mat:[[0 0 0 ... 0 0 0]
 [0 0 0 ... 0 0 0]
 [0 0 0 ... 0 0 0]
 ...
 [0 0 0 ... 0 0 0]
 [0 0 0 ... 0 0 0]
 [0 0 0 ... 0 0 0]]
2023-10-18 17:39:15,013 - MainProcess - iter[58]:saved-----------in---------------./DAGMA_PTHP------------------
2023-10-18 18:09:14,502 - MainProcess - [iter 59]: likelihood_score = -2461502.101359627
2023-10-18 18:38:08,530 - MainProcess - [iter 60]: likelihood_score = -2461390.712082271
2023-10-18 18:38:08,534 - MainProcess - tmp_edge_mat:[[0 0 0 ... 0 0 0]
 [0 0 0 ... 0 0 0]
 [0 0 0 ... 0 0 0]
 ...
 [0 0 0 ... 0 0 0]
 [0 0 0 ... 0 0 0]
 [0 0 0 ... 0 0 0]]
2023-10-18 18:38:08,563 - MainProcess - iter[60]:saved-----------in---------------./DAGMA_PTHP------------------
2023-10-18 19:06:59,964 - MainProcess - [iter 61]: likelihood_score = -2461327.648901509
2023-10-18 19:35:35,698 - MainProcess - [iter 62]: likelihood_score = -2461276.292123864
2023-10-18 19:35:35,701 - MainProcess - tmp_edge_mat:[[0 0 0 ... 0 0 0]
 [0 0 0 ... 0 0 0]
 [0 0 0 ... 0 0 0]
 ...
 [0 0 0 ... 0 0 0]
 [0 0 0 ... 0 0 0]
 [0 0 0 ... 0 0 0]]
2023-10-18 19:35:35,703 - MainProcess - iter[62]:saved-----------in---------------./DAGMA_PTHP------------------
2023-10-18 20:05:06,963 - MainProcess - [iter 63]: likelihood_score = -2461263.870649359
2023-10-18 20:34:53,008 - MainProcess - [iter 64]: likelihood_score = -2461254.882730832
2023-10-18 20:34:53,013 - MainProcess - tmp_edge_mat:[[0 0 0 ... 0 0 0]
 [0 0 0 ... 0 0 0]
 [0 0 0 ... 0 0 0]
 ...
 [0 0 0 ... 0 0 0]
 [0 0 0 ... 0 0 0]
 [0 0 0 ... 0 0 0]]
2023-10-18 20:34:53,041 - MainProcess - iter[64]:saved-----------in---------------./DAGMA_PTHP------------------
2023-10-18 21:04:35,664 - MainProcess - [iter 65]: likelihood_score = -2461254.23871219
2023-10-18 21:32:58,985 - MainProcess - [iter 66]: likelihood_score = -2461253.925881659
2023-10-18 21:32:58,990 - MainProcess - tmp_edge_mat:[[0 0 0 ... 0 0 0]
 [0 0 0 ... 0 0 0]
 [0 0 0 ... 0 0 0]
 ...
 [0 0 0 ... 0 0 0]
 [0 0 0 ... 0 0 0]
 [0 0 0 ... 0 0 0]]
2023-10-18 21:32:59,020 - MainProcess - iter[66]:saved-----------in---------------./DAGMA_PTHP------------------
2023-10-18 22:02:13,821 - MainProcess - [iter 67]: likelihood_score = -2461253.635931485
