2023-09-24 15:32:38,793 - MainProcess - dataset_2-Processing_./datasets/dataset_2/alarm.csv in process 11608
2023-09-24 15:32:38,794 - MainProcess - initial parameter of PTHP{'delta': 0.01, 'max_hop': 2, 'penalty': 'AIC', 'max_iter': 100, 'epsilon': 1}
2023-09-24 15:32:38,794 - MainProcess - SAVE_DIRECTORY is in ./causal_effect_PTHP_924
2023-09-24 15:32:38,794 - MainProcess - prior_file_path:./datasets/dataset_2/causal_prior.npy
2023-09-24 15:32:38,795 - MainProcess - rca_file_path:./datasets/dataset_2/rca_prior.csv
2023-09-24 15:32:38,795 - MainProcess - topology_file_path:./datasets/dataset_2/topology.npy
2023-09-24 15:32:38,795 - MainProcess - limited_prior_file_path:./SUBMISSIONS/causal_effect/threshold_0.10/bin_d2.npy
2023-09-24 15:32:38,795 - MainProcess - now:2023_09_24_15_32
2023-09-24 15:35:15,098 - MainProcess - [iter 0]: likelihood_score = -1219195.2776293822
2023-09-24 16:31:23,633 - MainProcess - [iter 1]: likelihood_score = -1215626.025782168
2023-09-24 17:29:36,405 - MainProcess - [iter 2]: likelihood_score = -1212588.6883186793
2023-09-24 17:29:36,446 - MainProcess - tmp_edge_mat:[[0 0 0 ... 0 0 0]
 [0 0 0 ... 0 0 0]
 [0 0 0 ... 0 0 0]
 ...
 [0 0 0 ... 0 0 0]
 [0 0 0 ... 0 0 0]
 [0 0 0 ... 0 0 0]]
2023-09-24 17:29:36,471 - MainProcess - iter[2]:saved-----------in---------------./causal_effect_PTHP_924------------------
2023-09-24 18:27:46,660 - MainProcess - [iter 3]: likelihood_score = -1209631.6257755626
2023-09-24 20:02:39,369 - MainProcess - [iter 4]: likelihood_score = -1206697.3809069195
2023-09-24 20:02:39,379 - MainProcess - tmp_edge_mat:[[0 0 0 ... 0 0 0]
 [0 0 0 ... 0 0 0]
 [0 0 0 ... 0 0 0]
 ...
 [0 0 0 ... 0 0 0]
 [0 0 0 ... 0 0 0]
 [0 0 0 ... 0 0 0]]
2023-09-24 20:02:39,409 - MainProcess - iter[4]:saved-----------in---------------./causal_effect_PTHP_924------------------
